Start testing: Nov 08 13:03 CST
----------------------------------------------------------
1/26 Testing: RTP.NO_FAILURE
1/26 Test: RTP.NO_FAILURE
Command: "/home/tzy/Desktop/lab2-rtp-gg-tzy/Lab2-RTP-Test/rtp_test_all" "--gtest_filter=RTP.NO_FAILURE" "--gtest_also_run_disabled_tests"
Directory: /home/tzy/Desktop/lab2-rtp-gg-tzy/Lab2-RTP-Test
"RTP.NO_FAILURE" start time: Nov 08 13:03 CST
Output:
----------------------------------------------------------
[0;33mNote: Google Test filter = RTP.NO_FAILURE
[m[0;32m[==========] [mRunning 1 test from 1 test suite.
[0;32m[----------] [mGlobal test environment set-up.
[0;32m[----------] [m1 test from RTP
[0;32m[ RUN      ] [mRTP.NO_FAILURE
[0;32m[       OK ] [mRTP.NO_FAILURE (402 ms)
[0;32m[----------] [m1 test from RTP (402 ms total)

[0;32m[----------] [mGlobal test environment tear-down
[0;32m[==========] [m1 test from 1 test suite ran. (402 ms total)
[0;32m[  PASSED  ] [m1 test.
<end of output>
Test time =   0.42 sec
----------------------------------------------------------
Test Passed.
"RTP.NO_FAILURE" end time: Nov 08 13:03 CST
"RTP.NO_FAILURE" time elapsed: 00:00:00
----------------------------------------------------------

2/26 Testing: RTP.NO_FAILURE_OPT
2/26 Test: RTP.NO_FAILURE_OPT
Command: "/home/tzy/Desktop/lab2-rtp-gg-tzy/Lab2-RTP-Test/rtp_test_all" "--gtest_filter=RTP.NO_FAILURE_OPT" "--gtest_also_run_disabled_tests"
Directory: /home/tzy/Desktop/lab2-rtp-gg-tzy/Lab2-RTP-Test
"RTP.NO_FAILURE_OPT" start time: Nov 08 13:03 CST
Output:
----------------------------------------------------------
[0;33mNote: Google Test filter = RTP.NO_FAILURE_OPT
[m[0;32m[==========] [mRunning 1 test from 1 test suite.
[0;32m[----------] [mGlobal test environment set-up.
[0;32m[----------] [m1 test from RTP
[0;32m[ RUN      ] [mRTP.NO_FAILURE_OPT
[0;32m[       OK ] [mRTP.NO_FAILURE_OPT (427 ms)
[0;32m[----------] [m1 test from RTP (427 ms total)

[0;32m[----------] [mGlobal test environment tear-down
[0;32m[==========] [m1 test from 1 test suite ran. (427 ms total)
[0;32m[  PASSED  ] [m1 test.
<end of output>
Test time =   0.43 sec
----------------------------------------------------------
Test Passed.
"RTP.NO_FAILURE_OPT" end time: Nov 08 13:03 CST
"RTP.NO_FAILURE_OPT" time elapsed: 00:00:00
----------------------------------------------------------

3/26 Testing: RTP.RECEIVER_TEST_LOST_DATA
3/26 Test: RTP.RECEIVER_TEST_LOST_DATA
Command: "/home/tzy/Desktop/lab2-rtp-gg-tzy/Lab2-RTP-Test/rtp_test_all" "--gtest_filter=RTP.RECEIVER_TEST_LOST_DATA" "--gtest_also_run_disabled_tests"
Directory: /home/tzy/Desktop/lab2-rtp-gg-tzy/Lab2-RTP-Test
"RTP.RECEIVER_TEST_LOST_DATA" start time: Nov 08 13:03 CST
Output:
----------------------------------------------------------
[0;33mNote: Google Test filter = RTP.RECEIVER_TEST_LOST_DATA
[m[0;32m[==========] [mRunning 1 test from 1 test suite.
[0;32m[----------] [mGlobal test environment set-up.
[0;32m[----------] [m1 test from RTP
[0;32m[ RUN      ] [mRTP.RECEIVER_TEST_LOST_DATA
[0;32m[       OK ] [mRTP.RECEIVER_TEST_LOST_DATA (16061 ms)
[0;32m[----------] [m1 test from RTP (16061 ms total)

[0;32m[----------] [mGlobal test environment tear-down
[0;32m[==========] [m1 test from 1 test suite ran. (16061 ms total)
[0;32m[  PASSED  ] [m1 test.
<end of output>
Test time =  16.07 sec
----------------------------------------------------------
Test Passed.
"RTP.RECEIVER_TEST_LOST_DATA" end time: Nov 08 13:03 CST
"RTP.RECEIVER_TEST_LOST_DATA" time elapsed: 00:00:16
----------------------------------------------------------

4/26 Testing: RTP.RECEIVER_TEST_DUP_DATA
4/26 Test: RTP.RECEIVER_TEST_DUP_DATA
Command: "/home/tzy/Desktop/lab2-rtp-gg-tzy/Lab2-RTP-Test/rtp_test_all" "--gtest_filter=RTP.RECEIVER_TEST_DUP_DATA" "--gtest_also_run_disabled_tests"
Directory: /home/tzy/Desktop/lab2-rtp-gg-tzy/Lab2-RTP-Test
"RTP.RECEIVER_TEST_DUP_DATA" start time: Nov 08 13:03 CST
Output:
----------------------------------------------------------
[0;33mNote: Google Test filter = RTP.RECEIVER_TEST_DUP_DATA
[m[0;32m[==========] [mRunning 1 test from 1 test suite.
[0;32m[----------] [mGlobal test environment set-up.
[0;32m[----------] [m1 test from RTP
[0;32m[ RUN      ] [mRTP.RECEIVER_TEST_DUP_DATA
[0;32m[       OK ] [mRTP.RECEIVER_TEST_DUP_DATA (8885 ms)
[0;32m[----------] [m1 test from RTP (8885 ms total)

[0;32m[----------] [mGlobal test environment tear-down
[0;32m[==========] [m1 test from 1 test suite ran. (8885 ms total)
[0;32m[  PASSED  ] [m1 test.
<end of output>
Test time =   8.90 sec
----------------------------------------------------------
Test Passed.
"RTP.RECEIVER_TEST_DUP_DATA" end time: Nov 08 13:03 CST
"RTP.RECEIVER_TEST_DUP_DATA" time elapsed: 00:00:08
----------------------------------------------------------

5/26 Testing: RTP.RECEIVER_TEST_WRONG_CHKSUM_DATA
5/26 Test: RTP.RECEIVER_TEST_WRONG_CHKSUM_DATA
Command: "/home/tzy/Desktop/lab2-rtp-gg-tzy/Lab2-RTP-Test/rtp_test_all" "--gtest_filter=RTP.RECEIVER_TEST_WRONG_CHKSUM_DATA" "--gtest_also_run_disabled_tests"
Directory: /home/tzy/Desktop/lab2-rtp-gg-tzy/Lab2-RTP-Test
"RTP.RECEIVER_TEST_WRONG_CHKSUM_DATA" start time: Nov 08 13:03 CST
Output:
----------------------------------------------------------
[0;33mNote: Google Test filter = RTP.RECEIVER_TEST_WRONG_CHKSUM_DATA
[m[0;32m[==========] [mRunning 1 test from 1 test suite.
[0;32m[----------] [mGlobal test environment set-up.
[0;32m[----------] [m1 test from RTP
[0;32m[ RUN      ] [mRTP.RECEIVER_TEST_WRONG_CHKSUM_DATA
[0;32m[       OK ] [mRTP.RECEIVER_TEST_WRONG_CHKSUM_DATA (17310 ms)
[0;32m[----------] [m1 test from RTP (17310 ms total)

[0;32m[----------] [mGlobal test environment tear-down
[0;32m[==========] [m1 test from 1 test suite ran. (17310 ms total)
[0;32m[  PASSED  ] [m1 test.
<end of output>
Test time =  17.32 sec
----------------------------------------------------------
Test Passed.
"RTP.RECEIVER_TEST_WRONG_CHKSUM_DATA" end time: Nov 08 13:04 CST
"RTP.RECEIVER_TEST_WRONG_CHKSUM_DATA" time elapsed: 00:00:17
----------------------------------------------------------

6/26 Testing: RTP.RECEIVER_TEST_REORDER_DATA
6/26 Test: RTP.RECEIVER_TEST_REORDER_DATA
Command: "/home/tzy/Desktop/lab2-rtp-gg-tzy/Lab2-RTP-Test/rtp_test_all" "--gtest_filter=RTP.RECEIVER_TEST_REORDER_DATA" "--gtest_also_run_disabled_tests"
Directory: /home/tzy/Desktop/lab2-rtp-gg-tzy/Lab2-RTP-Test
"RTP.RECEIVER_TEST_REORDER_DATA" start time: Nov 08 13:04 CST
Output:
----------------------------------------------------------
[0;33mNote: Google Test filter = RTP.RECEIVER_TEST_REORDER_DATA
[m[0;32m[==========] [mRunning 1 test from 1 test suite.
[0;32m[----------] [mGlobal test environment set-up.
[0;32m[----------] [m1 test from RTP
[0;32m[ RUN      ] [mRTP.RECEIVER_TEST_REORDER_DATA
[0;32m[       OK ] [mRTP.RECEIVER_TEST_REORDER_DATA (6058 ms)
[0;32m[----------] [m1 test from RTP (6058 ms total)

[0;32m[----------] [mGlobal test environment tear-down
[0;32m[==========] [m1 test from 1 test suite ran. (6058 ms total)
[0;32m[  PASSED  ] [m1 test.
<end of output>
Test time =   6.07 sec
----------------------------------------------------------
Test Passed.
"RTP.RECEIVER_TEST_REORDER_DATA" end time: Nov 08 13:04 CST
"RTP.RECEIVER_TEST_REORDER_DATA" time elapsed: 00:00:06
----------------------------------------------------------

7/26 Testing: RTP.RECEIVER_TEST_MIXED_1
7/26 Test: RTP.RECEIVER_TEST_MIXED_1
Command: "/home/tzy/Desktop/lab2-rtp-gg-tzy/Lab2-RTP-Test/rtp_test_all" "--gtest_filter=RTP.RECEIVER_TEST_MIXED_1" "--gtest_also_run_disabled_tests"
Directory: /home/tzy/Desktop/lab2-rtp-gg-tzy/Lab2-RTP-Test
"RTP.RECEIVER_TEST_MIXED_1" start time: Nov 08 13:04 CST
Output:
----------------------------------------------------------
[0;33mNote: Google Test filter = RTP.RECEIVER_TEST_MIXED_1
[m[0;32m[==========] [mRunning 1 test from 1 test suite.
[0;32m[----------] [mGlobal test environment set-up.
[0;32m[----------] [m1 test from RTP
[0;32m[ RUN      ] [mRTP.RECEIVER_TEST_MIXED_1
[0;32m[       OK ] [mRTP.RECEIVER_TEST_MIXED_1 (13043 ms)
[0;32m[----------] [m1 test from RTP (13043 ms total)

[0;32m[----------] [mGlobal test environment tear-down
[0;32m[==========] [m1 test from 1 test suite ran. (13043 ms total)
[0;32m[  PASSED  ] [m1 test.
<end of output>
Test time =  13.05 sec
----------------------------------------------------------
Test Passed.
"RTP.RECEIVER_TEST_MIXED_1" end time: Nov 08 13:04 CST
"RTP.RECEIVER_TEST_MIXED_1" time elapsed: 00:00:13
----------------------------------------------------------

8/26 Testing: RTP.RECEIVER_TEST_MIXED_2
8/26 Test: RTP.RECEIVER_TEST_MIXED_2
Command: "/home/tzy/Desktop/lab2-rtp-gg-tzy/Lab2-RTP-Test/rtp_test_all" "--gtest_filter=RTP.RECEIVER_TEST_MIXED_2" "--gtest_also_run_disabled_tests"
Directory: /home/tzy/Desktop/lab2-rtp-gg-tzy/Lab2-RTP-Test
"RTP.RECEIVER_TEST_MIXED_2" start time: Nov 08 13:04 CST
Output:
----------------------------------------------------------
[0;33mNote: Google Test filter = RTP.RECEIVER_TEST_MIXED_2
[m[0;32m[==========] [mRunning 1 test from 1 test suite.
[0;32m[----------] [mGlobal test environment set-up.
[0;32m[----------] [m1 test from RTP
[0;32m[ RUN      ] [mRTP.RECEIVER_TEST_MIXED_2
[0;32m[       OK ] [mRTP.RECEIVER_TEST_MIXED_2 (20777 ms)
[0;32m[----------] [m1 test from RTP (20777 ms total)

[0;32m[----------] [mGlobal test environment tear-down
[0;32m[==========] [m1 test from 1 test suite ran. (20777 ms total)
[0;32m[  PASSED  ] [m1 test.
<end of output>
Test time =  20.79 sec
----------------------------------------------------------
Test Passed.
"RTP.RECEIVER_TEST_MIXED_2" end time: Nov 08 13:04 CST
"RTP.RECEIVER_TEST_MIXED_2" time elapsed: 00:00:20
----------------------------------------------------------

9/26 Testing: RTP.SENDER_TEST_LOST_ACK
9/26 Test: RTP.SENDER_TEST_LOST_ACK
Command: "/home/tzy/Desktop/lab2-rtp-gg-tzy/Lab2-RTP-Test/rtp_test_all" "--gtest_filter=RTP.SENDER_TEST_LOST_ACK" "--gtest_also_run_disabled_tests"
Directory: /home/tzy/Desktop/lab2-rtp-gg-tzy/Lab2-RTP-Test
"RTP.SENDER_TEST_LOST_ACK" start time: Nov 08 13:04 CST
Output:
----------------------------------------------------------
[0;33mNote: Google Test filter = RTP.SENDER_TEST_LOST_ACK
[m[0;32m[==========] [mRunning 1 test from 1 test suite.
[0;32m[----------] [mGlobal test environment set-up.
[0;32m[----------] [m1 test from RTP
[0;32m[ RUN      ] [mRTP.SENDER_TEST_LOST_ACK
[0;32m[       OK ] [mRTP.SENDER_TEST_LOST_ACK (8258 ms)
[0;32m[----------] [m1 test from RTP (8258 ms total)

[0;32m[----------] [mGlobal test environment tear-down
[0;32m[==========] [m1 test from 1 test suite ran. (8258 ms total)
[0;32m[  PASSED  ] [m1 test.
<end of output>
Test time =   8.27 sec
----------------------------------------------------------
Test Passed.
"RTP.SENDER_TEST_LOST_ACK" end time: Nov 08 13:05 CST
"RTP.SENDER_TEST_LOST_ACK" time elapsed: 00:00:08
----------------------------------------------------------

10/26 Testing: RTP.SENDER_TEST_DUP_ACK
10/26 Test: RTP.SENDER_TEST_DUP_ACK
Command: "/home/tzy/Desktop/lab2-rtp-gg-tzy/Lab2-RTP-Test/rtp_test_all" "--gtest_filter=RTP.SENDER_TEST_DUP_ACK" "--gtest_also_run_disabled_tests"
Directory: /home/tzy/Desktop/lab2-rtp-gg-tzy/Lab2-RTP-Test
"RTP.SENDER_TEST_DUP_ACK" start time: Nov 08 13:05 CST
Output:
----------------------------------------------------------
[0;33mNote: Google Test filter = RTP.SENDER_TEST_DUP_ACK
[m[0;32m[==========] [mRunning 1 test from 1 test suite.
[0;32m[----------] [mGlobal test environment set-up.
[0;32m[----------] [m1 test from RTP
[0;32m[ RUN      ] [mRTP.SENDER_TEST_DUP_ACK
[0;32m[       OK ] [mRTP.SENDER_TEST_DUP_ACK (8448 ms)
[0;32m[----------] [m1 test from RTP (8448 ms total)

[0;32m[----------] [mGlobal test environment tear-down
[0;32m[==========] [m1 test from 1 test suite ran. (8448 ms total)
[0;32m[  PASSED  ] [m1 test.
<end of output>
Test time =   8.46 sec
----------------------------------------------------------
Test Passed.
"RTP.SENDER_TEST_DUP_ACK" end time: Nov 08 13:05 CST
"RTP.SENDER_TEST_DUP_ACK" time elapsed: 00:00:08
----------------------------------------------------------

11/26 Testing: RTP.SENDER_TEST_WRONG_CHKSUM_ACK
11/26 Test: RTP.SENDER_TEST_WRONG_CHKSUM_ACK
Command: "/home/tzy/Desktop/lab2-rtp-gg-tzy/Lab2-RTP-Test/rtp_test_all" "--gtest_filter=RTP.SENDER_TEST_WRONG_CHKSUM_ACK" "--gtest_also_run_disabled_tests"
Directory: /home/tzy/Desktop/lab2-rtp-gg-tzy/Lab2-RTP-Test
"RTP.SENDER_TEST_WRONG_CHKSUM_ACK" start time: Nov 08 13:05 CST
Output:
----------------------------------------------------------
[0;33mNote: Google Test filter = RTP.SENDER_TEST_WRONG_CHKSUM_ACK
[m[0;32m[==========] [mRunning 1 test from 1 test suite.
[0;32m[----------] [mGlobal test environment set-up.
[0;32m[----------] [m1 test from RTP
[0;32m[ RUN      ] [mRTP.SENDER_TEST_WRONG_CHKSUM_ACK
[0;32m[       OK ] [mRTP.SENDER_TEST_WRONG_CHKSUM_ACK (8456 ms)
[0;32m[----------] [m1 test from RTP (8456 ms total)

[0;32m[----------] [mGlobal test environment tear-down
[0;32m[==========] [m1 test from 1 test suite ran. (8456 ms total)
[0;32m[  PASSED  ] [m1 test.
<end of output>
Test time =   8.46 sec
----------------------------------------------------------
Test Passed.
"RTP.SENDER_TEST_WRONG_CHKSUM_ACK" end time: Nov 08 13:05 CST
"RTP.SENDER_TEST_WRONG_CHKSUM_ACK" time elapsed: 00:00:08
----------------------------------------------------------

12/26 Testing: RTP.SENDER_TEST_REORDER_ACK
12/26 Test: RTP.SENDER_TEST_REORDER_ACK
Command: "/home/tzy/Desktop/lab2-rtp-gg-tzy/Lab2-RTP-Test/rtp_test_all" "--gtest_filter=RTP.SENDER_TEST_REORDER_ACK" "--gtest_also_run_disabled_tests"
Directory: /home/tzy/Desktop/lab2-rtp-gg-tzy/Lab2-RTP-Test
"RTP.SENDER_TEST_REORDER_ACK" start time: Nov 08 13:05 CST
Output:
----------------------------------------------------------
[0;33mNote: Google Test filter = RTP.SENDER_TEST_REORDER_ACK
[m[0;32m[==========] [mRunning 1 test from 1 test suite.
[0;32m[----------] [mGlobal test environment set-up.
[0;32m[----------] [m1 test from RTP
[0;32m[ RUN      ] [mRTP.SENDER_TEST_REORDER_ACK
[0;32m[       OK ] [mRTP.SENDER_TEST_REORDER_ACK (8536 ms)
[0;32m[----------] [m1 test from RTP (8536 ms total)

[0;32m[----------] [mGlobal test environment tear-down
[0;32m[==========] [m1 test from 1 test suite ran. (8536 ms total)
[0;32m[  PASSED  ] [m1 test.
<end of output>
Test time =   8.54 sec
----------------------------------------------------------
Test Passed.
"RTP.SENDER_TEST_REORDER_ACK" end time: Nov 08 13:05 CST
"RTP.SENDER_TEST_REORDER_ACK" time elapsed: 00:00:08
----------------------------------------------------------

13/26 Testing: RTP.SENDER_TEST_MIXED_1
13/26 Test: RTP.SENDER_TEST_MIXED_1
Command: "/home/tzy/Desktop/lab2-rtp-gg-tzy/Lab2-RTP-Test/rtp_test_all" "--gtest_filter=RTP.SENDER_TEST_MIXED_1" "--gtest_also_run_disabled_tests"
Directory: /home/tzy/Desktop/lab2-rtp-gg-tzy/Lab2-RTP-Test
"RTP.SENDER_TEST_MIXED_1" start time: Nov 08 13:05 CST
Output:
----------------------------------------------------------
[0;33mNote: Google Test filter = RTP.SENDER_TEST_MIXED_1
[m[0;32m[==========] [mRunning 1 test from 1 test suite.
[0;32m[----------] [mGlobal test environment set-up.
[0;32m[----------] [m1 test from RTP
[0;32m[ RUN      ] [mRTP.SENDER_TEST_MIXED_1
[0;32m[       OK ] [mRTP.SENDER_TEST_MIXED_1 (8659 ms)
[0;32m[----------] [m1 test from RTP (8659 ms total)

[0;32m[----------] [mGlobal test environment tear-down
[0;32m[==========] [m1 test from 1 test suite ran. (8659 ms total)
[0;32m[  PASSED  ] [m1 test.
<end of output>
Test time =   8.67 sec
----------------------------------------------------------
Test Passed.
"RTP.SENDER_TEST_MIXED_1" end time: Nov 08 13:05 CST
"RTP.SENDER_TEST_MIXED_1" time elapsed: 00:00:08
----------------------------------------------------------

14/26 Testing: RTP.SENDER_TEST_MIXED_2
14/26 Test: RTP.SENDER_TEST_MIXED_2
Command: "/home/tzy/Desktop/lab2-rtp-gg-tzy/Lab2-RTP-Test/rtp_test_all" "--gtest_filter=RTP.SENDER_TEST_MIXED_2" "--gtest_also_run_disabled_tests"
Directory: /home/tzy/Desktop/lab2-rtp-gg-tzy/Lab2-RTP-Test
"RTP.SENDER_TEST_MIXED_2" start time: Nov 08 13:05 CST
Output:
----------------------------------------------------------
[0;33mNote: Google Test filter = RTP.SENDER_TEST_MIXED_2
[m[0;32m[==========] [mRunning 1 test from 1 test suite.
[0;32m[----------] [mGlobal test environment set-up.
[0;32m[----------] [m1 test from RTP
[0;32m[ RUN      ] [mRTP.SENDER_TEST_MIXED_2
[0;32m[       OK ] [mRTP.SENDER_TEST_MIXED_2 (8255 ms)
[0;32m[----------] [m1 test from RTP (8255 ms total)

[0;32m[----------] [mGlobal test environment tear-down
[0;32m[==========] [m1 test from 1 test suite ran. (8255 ms total)
[0;32m[  PASSED  ] [m1 test.
<end of output>
Test time =   8.26 sec
----------------------------------------------------------
Test Passed.
"RTP.SENDER_TEST_MIXED_2" end time: Nov 08 13:05 CST
"RTP.SENDER_TEST_MIXED_2" time elapsed: 00:00:08
----------------------------------------------------------

15/26 Testing: RTP.OPT_RECEIVER_TEST_LOST_DATA
15/26 Test: RTP.OPT_RECEIVER_TEST_LOST_DATA
Command: "/home/tzy/Desktop/lab2-rtp-gg-tzy/Lab2-RTP-Test/rtp_test_all" "--gtest_filter=RTP.OPT_RECEIVER_TEST_LOST_DATA" "--gtest_also_run_disabled_tests"
Directory: /home/tzy/Desktop/lab2-rtp-gg-tzy/Lab2-RTP-Test
"RTP.OPT_RECEIVER_TEST_LOST_DATA" start time: Nov 08 13:05 CST
Output:
----------------------------------------------------------
[0;33mNote: Google Test filter = RTP.OPT_RECEIVER_TEST_LOST_DATA
[m[0;32m[==========] [mRunning 1 test from 1 test suite.
[0;32m[----------] [mGlobal test environment set-up.
[0;32m[----------] [m1 test from RTP
[0;32m[ RUN      ] [mRTP.OPT_RECEIVER_TEST_LOST_DATA
[0;32m[       OK ] [mRTP.OPT_RECEIVER_TEST_LOST_DATA (15590 ms)
[0;32m[----------] [m1 test from RTP (15590 ms total)

[0;32m[----------] [mGlobal test environment tear-down
[0;32m[==========] [m1 test from 1 test suite ran. (15590 ms total)
[0;32m[  PASSED  ] [m1 test.
<end of output>
Test time =  15.60 sec
----------------------------------------------------------
Test Passed.
"RTP.OPT_RECEIVER_TEST_LOST_DATA" end time: Nov 08 13:06 CST
"RTP.OPT_RECEIVER_TEST_LOST_DATA" time elapsed: 00:00:15
----------------------------------------------------------

16/26 Testing: RTP.OPT_RECEIVER_TEST_DUP_DATA
16/26 Test: RTP.OPT_RECEIVER_TEST_DUP_DATA
Command: "/home/tzy/Desktop/lab2-rtp-gg-tzy/Lab2-RTP-Test/rtp_test_all" "--gtest_filter=RTP.OPT_RECEIVER_TEST_DUP_DATA" "--gtest_also_run_disabled_tests"
Directory: /home/tzy/Desktop/lab2-rtp-gg-tzy/Lab2-RTP-Test
"RTP.OPT_RECEIVER_TEST_DUP_DATA" start time: Nov 08 13:06 CST
Output:
----------------------------------------------------------
[0;33mNote: Google Test filter = RTP.OPT_RECEIVER_TEST_DUP_DATA
[m[0;32m[==========] [mRunning 1 test from 1 test suite.
[0;32m[----------] [mGlobal test environment set-up.
[0;32m[----------] [m1 test from RTP
[0;32m[ RUN      ] [mRTP.OPT_RECEIVER_TEST_DUP_DATA
[0;32m[       OK ] [mRTP.OPT_RECEIVER_TEST_DUP_DATA (5947 ms)
[0;32m[----------] [m1 test from RTP (5947 ms total)

[0;32m[----------] [mGlobal test environment tear-down
[0;32m[==========] [m1 test from 1 test suite ran. (5947 ms total)
[0;32m[  PASSED  ] [m1 test.
<end of output>
Test time =   5.96 sec
----------------------------------------------------------
Test Passed.
"RTP.OPT_RECEIVER_TEST_DUP_DATA" end time: Nov 08 13:06 CST
"RTP.OPT_RECEIVER_TEST_DUP_DATA" time elapsed: 00:00:05
----------------------------------------------------------

17/26 Testing: RTP.OPT_RECEIVER_TEST_WRONG_CHKSUM_DATA
17/26 Test: RTP.OPT_RECEIVER_TEST_WRONG_CHKSUM_DATA
Command: "/home/tzy/Desktop/lab2-rtp-gg-tzy/Lab2-RTP-Test/rtp_test_all" "--gtest_filter=RTP.OPT_RECEIVER_TEST_WRONG_CHKSUM_DATA" "--gtest_also_run_disabled_tests"
Directory: /home/tzy/Desktop/lab2-rtp-gg-tzy/Lab2-RTP-Test
"RTP.OPT_RECEIVER_TEST_WRONG_CHKSUM_DATA" start time: Nov 08 13:06 CST
Output:
----------------------------------------------------------
[0;33mNote: Google Test filter = RTP.OPT_RECEIVER_TEST_WRONG_CHKSUM_DATA
[m[0;32m[==========] [mRunning 1 test from 1 test suite.
[0;32m[----------] [mGlobal test environment set-up.
[0;32m[----------] [m1 test from RTP
[0;32m[ RUN      ] [mRTP.OPT_RECEIVER_TEST_WRONG_CHKSUM_DATA
[0;32m[       OK ] [mRTP.OPT_RECEIVER_TEST_WRONG_CHKSUM_DATA (15984 ms)
[0;32m[----------] [m1 test from RTP (15984 ms total)

[0;32m[----------] [mGlobal test environment tear-down
[0;32m[==========] [m1 test from 1 test suite ran. (15984 ms total)
[0;32m[  PASSED  ] [m1 test.
<end of output>
Test time =  15.99 sec
----------------------------------------------------------
Test Passed.
"RTP.OPT_RECEIVER_TEST_WRONG_CHKSUM_DATA" end time: Nov 08 13:06 CST
"RTP.OPT_RECEIVER_TEST_WRONG_CHKSUM_DATA" time elapsed: 00:00:15
----------------------------------------------------------

18/26 Testing: RTP.OPT_RECEIVER_TEST_REORDER_DATA
18/26 Test: RTP.OPT_RECEIVER_TEST_REORDER_DATA
Command: "/home/tzy/Desktop/lab2-rtp-gg-tzy/Lab2-RTP-Test/rtp_test_all" "--gtest_filter=RTP.OPT_RECEIVER_TEST_REORDER_DATA" "--gtest_also_run_disabled_tests"
Directory: /home/tzy/Desktop/lab2-rtp-gg-tzy/Lab2-RTP-Test
"RTP.OPT_RECEIVER_TEST_REORDER_DATA" start time: Nov 08 13:06 CST
Output:
----------------------------------------------------------
[0;33mNote: Google Test filter = RTP.OPT_RECEIVER_TEST_REORDER_DATA
[m[0;32m[==========] [mRunning 1 test from 1 test suite.
[0;32m[----------] [mGlobal test environment set-up.
[0;32m[----------] [m1 test from RTP
[0;32m[ RUN      ] [mRTP.OPT_RECEIVER_TEST_REORDER_DATA
[0;32m[       OK ] [mRTP.OPT_RECEIVER_TEST_REORDER_DATA (5210 ms)
[0;32m[----------] [m1 test from RTP (5210 ms total)

[0;32m[----------] [mGlobal test environment tear-down
[0;32m[==========] [m1 test from 1 test suite ran. (5210 ms total)
[0;32m[  PASSED  ] [m1 test.
<end of output>
Test time =   5.22 sec
----------------------------------------------------------
Test Passed.
"RTP.OPT_RECEIVER_TEST_REORDER_DATA" end time: Nov 08 13:06 CST
"RTP.OPT_RECEIVER_TEST_REORDER_DATA" time elapsed: 00:00:05
----------------------------------------------------------

19/26 Testing: RTP.OPT_RECEIVER_TEST_MIXED_1
19/26 Test: RTP.OPT_RECEIVER_TEST_MIXED_1
Command: "/home/tzy/Desktop/lab2-rtp-gg-tzy/Lab2-RTP-Test/rtp_test_all" "--gtest_filter=RTP.OPT_RECEIVER_TEST_MIXED_1" "--gtest_also_run_disabled_tests"
Directory: /home/tzy/Desktop/lab2-rtp-gg-tzy/Lab2-RTP-Test
"RTP.OPT_RECEIVER_TEST_MIXED_1" start time: Nov 08 13:06 CST
Output:
----------------------------------------------------------
[0;33mNote: Google Test filter = RTP.OPT_RECEIVER_TEST_MIXED_1
[m[0;32m[==========] [mRunning 1 test from 1 test suite.
[0;32m[----------] [mGlobal test environment set-up.
[0;32m[----------] [m1 test from RTP
[0;32m[ RUN      ] [mRTP.OPT_RECEIVER_TEST_MIXED_1
[0;32m[       OK ] [mRTP.OPT_RECEIVER_TEST_MIXED_1 (11600 ms)
[0;32m[----------] [m1 test from RTP (11600 ms total)

[0;32m[----------] [mGlobal test environment tear-down
[0;32m[==========] [m1 test from 1 test suite ran. (11600 ms total)
[0;32m[  PASSED  ] [m1 test.
<end of output>
Test time =  11.61 sec
----------------------------------------------------------
Test Passed.
"RTP.OPT_RECEIVER_TEST_MIXED_1" end time: Nov 08 13:06 CST
"RTP.OPT_RECEIVER_TEST_MIXED_1" time elapsed: 00:00:11
----------------------------------------------------------

20/26 Testing: RTP.OPT_RECEIVER_TEST_MIXED_2
20/26 Test: RTP.OPT_RECEIVER_TEST_MIXED_2
Command: "/home/tzy/Desktop/lab2-rtp-gg-tzy/Lab2-RTP-Test/rtp_test_all" "--gtest_filter=RTP.OPT_RECEIVER_TEST_MIXED_2" "--gtest_also_run_disabled_tests"
Directory: /home/tzy/Desktop/lab2-rtp-gg-tzy/Lab2-RTP-Test
"RTP.OPT_RECEIVER_TEST_MIXED_2" start time: Nov 08 13:06 CST
Output:
----------------------------------------------------------
[0;33mNote: Google Test filter = RTP.OPT_RECEIVER_TEST_MIXED_2
[m[0;32m[==========] [mRunning 1 test from 1 test suite.
[0;32m[----------] [mGlobal test environment set-up.
[0;32m[----------] [m1 test from RTP
[0;32m[ RUN      ] [mRTP.OPT_RECEIVER_TEST_MIXED_2
[0;32m[       OK ] [mRTP.OPT_RECEIVER_TEST_MIXED_2 (19695 ms)
[0;32m[----------] [m1 test from RTP (19695 ms total)

[0;32m[----------] [mGlobal test environment tear-down
[0;32m[==========] [m1 test from 1 test suite ran. (19695 ms total)
[0;32m[  PASSED  ] [m1 test.
<end of output>
Test time =  19.70 sec
----------------------------------------------------------
Test Passed.
"RTP.OPT_RECEIVER_TEST_MIXED_2" end time: Nov 08 13:07 CST
"RTP.OPT_RECEIVER_TEST_MIXED_2" time elapsed: 00:00:19
----------------------------------------------------------

21/26 Testing: RTP.OPT_SENDER_TEST_LOST_ACK
21/26 Test: RTP.OPT_SENDER_TEST_LOST_ACK
Command: "/home/tzy/Desktop/lab2-rtp-gg-tzy/Lab2-RTP-Test/rtp_test_all" "--gtest_filter=RTP.OPT_SENDER_TEST_LOST_ACK" "--gtest_also_run_disabled_tests"
Directory: /home/tzy/Desktop/lab2-rtp-gg-tzy/Lab2-RTP-Test
"RTP.OPT_SENDER_TEST_LOST_ACK" start time: Nov 08 13:07 CST
Output:
----------------------------------------------------------
[0;33mNote: Google Test filter = RTP.OPT_SENDER_TEST_LOST_ACK
[m[0;32m[==========] [mRunning 1 test from 1 test suite.
[0;32m[----------] [mGlobal test environment set-up.
[0;32m[----------] [m1 test from RTP
[0;32m[ RUN      ] [mRTP.OPT_SENDER_TEST_LOST_ACK
[0;32m[       OK ] [mRTP.OPT_SENDER_TEST_LOST_ACK (26296 ms)
[0;32m[----------] [m1 test from RTP (26296 ms total)

[0;32m[----------] [mGlobal test environment tear-down
[0;32m[==========] [m1 test from 1 test suite ran. (26296 ms total)
[0;32m[  PASSED  ] [m1 test.
<end of output>
Test time =  26.30 sec
----------------------------------------------------------
Test Passed.
"RTP.OPT_SENDER_TEST_LOST_ACK" end time: Nov 08 13:07 CST
"RTP.OPT_SENDER_TEST_LOST_ACK" time elapsed: 00:00:26
----------------------------------------------------------

22/26 Testing: RTP.OPT_SENDER_TEST_DUP_ACK
22/26 Test: RTP.OPT_SENDER_TEST_DUP_ACK
Command: "/home/tzy/Desktop/lab2-rtp-gg-tzy/Lab2-RTP-Test/rtp_test_all" "--gtest_filter=RTP.OPT_SENDER_TEST_DUP_ACK" "--gtest_also_run_disabled_tests"
Directory: /home/tzy/Desktop/lab2-rtp-gg-tzy/Lab2-RTP-Test
"RTP.OPT_SENDER_TEST_DUP_ACK" start time: Nov 08 13:07 CST
Output:
----------------------------------------------------------
[0;33mNote: Google Test filter = RTP.OPT_SENDER_TEST_DUP_ACK
[m[0;32m[==========] [mRunning 1 test from 1 test suite.
[0;32m[----------] [mGlobal test environment set-up.
[0;32m[----------] [m1 test from RTP
[0;32m[ RUN      ] [mRTP.OPT_SENDER_TEST_DUP_ACK
[0;32m[       OK ] [mRTP.OPT_SENDER_TEST_DUP_ACK (21916 ms)
[0;32m[----------] [m1 test from RTP (21916 ms total)

[0;32m[----------] [mGlobal test environment tear-down
[0;32m[==========] [m1 test from 1 test suite ran. (21916 ms total)
[0;32m[  PASSED  ] [m1 test.
<end of output>
Test time =  21.92 sec
----------------------------------------------------------
Test Passed.
"RTP.OPT_SENDER_TEST_DUP_ACK" end time: Nov 08 13:07 CST
"RTP.OPT_SENDER_TEST_DUP_ACK" time elapsed: 00:00:21
----------------------------------------------------------

23/26 Testing: RTP.OPT_SENDER_TEST_WRONG_CHKSUM_ACK
23/26 Test: RTP.OPT_SENDER_TEST_WRONG_CHKSUM_ACK
Command: "/home/tzy/Desktop/lab2-rtp-gg-tzy/Lab2-RTP-Test/rtp_test_all" "--gtest_filter=RTP.OPT_SENDER_TEST_WRONG_CHKSUM_ACK" "--gtest_also_run_disabled_tests"
Directory: /home/tzy/Desktop/lab2-rtp-gg-tzy/Lab2-RTP-Test
"RTP.OPT_SENDER_TEST_WRONG_CHKSUM_ACK" start time: Nov 08 13:07 CST
Output:
----------------------------------------------------------
[0;33mNote: Google Test filter = RTP.OPT_SENDER_TEST_WRONG_CHKSUM_ACK
[m[0;32m[==========] [mRunning 1 test from 1 test suite.
[0;32m[----------] [mGlobal test environment set-up.
[0;32m[----------] [m1 test from RTP
[0;32m[ RUN      ] [mRTP.OPT_SENDER_TEST_WRONG_CHKSUM_ACK
[0;32m[       OK ] [mRTP.OPT_SENDER_TEST_WRONG_CHKSUM_ACK (25586 ms)
[0;32m[----------] [m1 test from RTP (25586 ms total)

[0;32m[----------] [mGlobal test environment tear-down
[0;32m[==========] [m1 test from 1 test suite ran. (25586 ms total)
[0;32m[  PASSED  ] [m1 test.
<end of output>
Test time =  25.59 sec
----------------------------------------------------------
Test Passed.
"RTP.OPT_SENDER_TEST_WRONG_CHKSUM_ACK" end time: Nov 08 13:08 CST
"RTP.OPT_SENDER_TEST_WRONG_CHKSUM_ACK" time elapsed: 00:00:25
----------------------------------------------------------

24/26 Testing: RTP.OPT_SENDER_TEST_REORDER_ACK
24/26 Test: RTP.OPT_SENDER_TEST_REORDER_ACK
Command: "/home/tzy/Desktop/lab2-rtp-gg-tzy/Lab2-RTP-Test/rtp_test_all" "--gtest_filter=RTP.OPT_SENDER_TEST_REORDER_ACK" "--gtest_also_run_disabled_tests"
Directory: /home/tzy/Desktop/lab2-rtp-gg-tzy/Lab2-RTP-Test
"RTP.OPT_SENDER_TEST_REORDER_ACK" start time: Nov 08 13:08 CST
Output:
----------------------------------------------------------
[0;33mNote: Google Test filter = RTP.OPT_SENDER_TEST_REORDER_ACK
[m[0;32m[==========] [mRunning 1 test from 1 test suite.
[0;32m[----------] [mGlobal test environment set-up.
[0;32m[----------] [m1 test from RTP
[0;32m[ RUN      ] [mRTP.OPT_SENDER_TEST_REORDER_ACK
[0;32m[       OK ] [mRTP.OPT_SENDER_TEST_REORDER_ACK (21964 ms)
[0;32m[----------] [m1 test from RTP (21964 ms total)

[0;32m[----------] [mGlobal test environment tear-down
[0;32m[==========] [m1 test from 1 test suite ran. (21964 ms total)
[0;32m[  PASSED  ] [m1 test.
<end of output>
Test time =  21.97 sec
----------------------------------------------------------
Test Passed.
"RTP.OPT_SENDER_TEST_REORDER_ACK" end time: Nov 08 13:08 CST
"RTP.OPT_SENDER_TEST_REORDER_ACK" time elapsed: 00:00:21
----------------------------------------------------------

25/26 Testing: RTP.OPT_SENDER_TEST_MIXED_1
25/26 Test: RTP.OPT_SENDER_TEST_MIXED_1
Command: "/home/tzy/Desktop/lab2-rtp-gg-tzy/Lab2-RTP-Test/rtp_test_all" "--gtest_filter=RTP.OPT_SENDER_TEST_MIXED_1" "--gtest_also_run_disabled_tests"
Directory: /home/tzy/Desktop/lab2-rtp-gg-tzy/Lab2-RTP-Test
"RTP.OPT_SENDER_TEST_MIXED_1" start time: Nov 08 13:08 CST
Output:
----------------------------------------------------------
[0;33mNote: Google Test filter = RTP.OPT_SENDER_TEST_MIXED_1
[m[0;32m[==========] [mRunning 1 test from 1 test suite.
[0;32m[----------] [mGlobal test environment set-up.
[0;32m[----------] [m1 test from RTP
[0;32m[ RUN      ] [mRTP.OPT_SENDER_TEST_MIXED_1
[0;32m[       OK ] [mRTP.OPT_SENDER_TEST_MIXED_1 (19615 ms)
[0;32m[----------] [m1 test from RTP (19615 ms total)

[0;32m[----------] [mGlobal test environment tear-down
[0;32m[==========] [m1 test from 1 test suite ran. (19615 ms total)
[0;32m[  PASSED  ] [m1 test.
<end of output>
Test time =  19.62 sec
----------------------------------------------------------
Test Passed.
"RTP.OPT_SENDER_TEST_MIXED_1" end time: Nov 08 13:08 CST
"RTP.OPT_SENDER_TEST_MIXED_1" time elapsed: 00:00:19
----------------------------------------------------------

26/26 Testing: RTP.OPT_SENDER_TEST_MIXED_2
26/26 Test: RTP.OPT_SENDER_TEST_MIXED_2
Command: "/home/tzy/Desktop/lab2-rtp-gg-tzy/Lab2-RTP-Test/rtp_test_all" "--gtest_filter=RTP.OPT_SENDER_TEST_MIXED_2" "--gtest_also_run_disabled_tests"
Directory: /home/tzy/Desktop/lab2-rtp-gg-tzy/Lab2-RTP-Test
"RTP.OPT_SENDER_TEST_MIXED_2" start time: Nov 08 13:08 CST
Output:
----------------------------------------------------------
[0;33mNote: Google Test filter = RTP.OPT_SENDER_TEST_MIXED_2
[m[0;32m[==========] [mRunning 1 test from 1 test suite.
[0;32m[----------] [mGlobal test environment set-up.
[0;32m[----------] [m1 test from RTP
[0;32m[ RUN      ] [mRTP.OPT_SENDER_TEST_MIXED_2
[0;32m[       OK ] [mRTP.OPT_SENDER_TEST_MIXED_2 (31915 ms)
[0;32m[----------] [m1 test from RTP (31915 ms total)

[0;32m[----------] [mGlobal test environment tear-down
[0;32m[==========] [m1 test from 1 test suite ran. (31915 ms total)
[0;32m[  PASSED  ] [m1 test.
<end of output>
Test time =  31.93 sec
----------------------------------------------------------
Test Passed.
"RTP.OPT_SENDER_TEST_MIXED_2" end time: Nov 08 13:09 CST
"RTP.OPT_SENDER_TEST_MIXED_2" time elapsed: 00:00:31
----------------------------------------------------------

End testing: Nov 08 13:09 CST
